\BOOKMARK [1][-]{section.1}{\376\377\000\332\000v\000o\000d}{}% 1
\BOOKMARK [1][-]{section.2}{\376\377\000Z\000k\000o\000u\000m\000a\000n\000\351\000\040\000t\000r\000a\000n\000s\000p\000o\000r\000t\000n\000\355\000\040\000p\000r\000o\000t\000o\000k\000o\000l\000y}{}% 2
\BOOKMARK [2][-]{subsection.2.1}{\376\377\000T\000r\000a\000n\000s\000p\000o\000r\000t\000\040\000s\000\040\000T\000C\000P}{section.2}% 3
\BOOKMARK [2][-]{subsection.2.2}{\376\377\000T\000r\000a\000n\000s\000p\000o\000r\000t\000\040\000s\000\040\000Q\000U\000I\000C}{section.2}% 4
\BOOKMARK [2][-]{subsection.2.3}{\376\377\000A\000l\000g\000o\000r\000i\000t\000m\000y\000\040\001\131\000\355\000z\000e\000n\000\355\000\040\000z\000a\000h\000l\000c\000e\000n\000\355}{section.2}% 5
\BOOKMARK [3][-]{subsubsection.2.3.1}{\376\377\000R\000e\000n\000o}{subsection.2.3}% 6
\BOOKMARK [3][-]{subsubsection.2.3.2}{\376\377\000C\000u\000b\000i\000c}{subsection.2.3}% 7
\BOOKMARK [3][-]{subsubsection.2.3.3}{\376\377\000B\000B\000R}{subsection.2.3}% 8
\BOOKMARK [1][-]{section.3}{\376\377\000E\000x\000p\000e\000r\000i\000m\000e\000n\000t}{}% 9
\BOOKMARK [2][-]{subsection.3.1}{\376\377\000P\000r\000o\000s\000t\001\131\000e\000d\000\355\000\040\000s\000i\000m\000u\000l\000a\000c\000e}{section.3}% 10
\BOOKMARK [2][-]{subsection.3.2}{\376\377\000T\000o\000p\000o\000l\000o\000g\000i\000e\000\040\000s\000\355\000t\001\033\000\040\000a\000\040\000j\000e\000j\000\355\000\040\000p\000a\000r\000a\000m\000e\000t\000r\000y}{section.3}% 11
\BOOKMARK [3][-]{subsubsection.3.2.1}{\376\377\000B\000e\000z\000d\000r\000\341\000t\000o\000v\000\341\000\040\000s\000\355\001\145\000\040\000s\000\040\000v\000e\000l\000k\000o\000u\000\040\000z\000t\000r\000\341\000t\000o\000v\000o\000s\000t\000\355\000\040\000\050\000W\000i\000-\000F\000i\000\051}{subsection.3.2}% 12
\BOOKMARK [3][-]{subsubsection.3.2.2}{\376\377\000S\000a\000t\000e\000l\000i\000t\000n\000\355\000\040\000s\000\355\001\145\000\040\000s\000\040\000v\000y\001\141\001\141\000\355\000\040\000o\000d\000e\000z\000v\000o\000u\000\040\000\050\000S\000t\000a\000r\000l\000i\000n\000k\000\051}{subsection.3.2}% 13
\BOOKMARK [3][-]{subsubsection.3.2.3}{\376\377\000S\000\355\001\145\000\040\000s\000\040\000p\001\131\000\355\000l\000i\001\141\000\040\000v\000e\000l\000k\000o\000u\000\040\000f\000r\000o\000n\000t\000o\000u\000\040\000n\000a\000\040\000s\000m\001\033\000r\000o\000v\000a\001\015\000i\000\040\000\050\000B\000u\000f\000f\000e\000r\000b\000l\000o\000a\000t\000\051}{subsection.3.2}% 14
\BOOKMARK [2][-]{subsection.3.3}{\376\377\000M\000e\000t\000o\000d\000i\000k\000a\000\040\000m\001\033\001\131\000e\000n\000\355}{section.3}% 15
\BOOKMARK [1][-]{section.4}{\376\377\000V\000\375\000s\000l\000e\000d\000k\000y\000\040\000a\000\040\000z\000h\000o\000d\000n\000o\000c\000e\000n\000\355}{}% 16
\BOOKMARK [2][-]{subsection.4.1}{\376\377\000V\000i\000z\000u\000a\000l\000i\000z\000a\000c\000e\000\040\000z\000a\000h\000l\000c\000e\000n\000\355}{section.4}% 17
\BOOKMARK [3][-]{subsubsection.4.1.1}{\376\377\000B\000e\000z\000d\000r\000\341\000t\000o\000v\000\341\000\040\000s\000\355\001\145\000\040\000s\000\040\000v\000e\000l\000k\000o\000u\000\040\000z\000t\000r\000\341\000t\000o\000v\000o\000s\000t\000\355\000\040\000\050\000W\000i\000-\000F\000i\000\051}{subsection.4.1}% 18
\BOOKMARK [3][-]{subsubsection.4.1.2}{\376\377\000S\000a\000t\000e\000l\000i\000t\000n\000\355\000\040\000s\000\355\001\145\000\040\000s\000\040\000v\000y\001\141\001\141\000\355\000\040\000o\000d\000e\000z\000v\000o\000u\000\040\000\050\000S\000t\000a\000r\000l\000i\000n\000k\000\051}{subsection.4.1}% 19
\BOOKMARK [3][-]{subsubsection.4.1.3}{\376\377\000S\000\355\001\145\000\040\000s\000\040\000p\001\131\000\355\000l\000i\001\141\000\040\000v\000e\000l\000k\000o\000u\000\040\000f\000r\000o\000n\000t\000o\000u\000\040\000n\000a\000\040\000s\000m\001\033\000r\000o\000v\000a\001\015\000i\000\040\000\050\000B\000u\000f\000f\000e\000r\000b\000l\000o\000a\000t\000\051}{subsection.4.1}% 20
\BOOKMARK [2][-]{subsection.4.2}{\376\377\000P\000o\000r\000o\000v\000n\000\341\000n\000\355\000\040\000a\000l\000g\000o\000r\000i\000t\000m\001\157\000\040\001\131\000\355\000z\000e\000n\000\355\000\040\000z\000a\000h\000l\000c\000e\000n\000\355}{section.4}% 21
\BOOKMARK [2][-]{subsection.4.3}{\376\377\000T\000C\000P\000\040\000v\000s\000.\000\040\000Q\000U\000I\000C}{section.4}% 22
\BOOKMARK [1][-]{section.5}{\376\377\000Z\000\341\000v\001\033\000r}{}% 23
\BOOKMARK [1][-]{section*.2}{\376\377\000L\000i\000t\000e\000r\000a\000t\000u\000r\000a}{}% 24
